Line 113: Class SHDocVwCtl.WebBrowser of control WebBrowser2 was not a loaded control class.
Line 145: Class SHDocVwCtl.WebBrowser of control WebBrowser1 was not a loaded control class.
Line 119: The property name ExtentX in WebBrowser2 is invalid.
Line 120: The property name ExtentY in WebBrowser2 is invalid.
Line 121: The property name ViewMode in WebBrowser2 is invalid.
Line 122: The property name Offline in WebBrowser2 is invalid.
Line 123: The property name Silent in WebBrowser2 is invalid.
Line 124: The property name RegisterAsBrowser in WebBrowser2 is invalid.
Line 125: The property name RegisterAsDropTarget in WebBrowser2 is invalid.
Line 126: The property name AutoArrange in WebBrowser2 is invalid.
Line 127: The property name NoClientEdge in WebBrowser2 is invalid.
Line 128: The property name AlignLeft in WebBrowser2 is invalid.
Line 129: The property name NoWebView in WebBrowser2 is invalid.
Line 130: The property name HideFileNames in WebBrowser2 is invalid.
Line 131: The property name SingleClick in WebBrowser2 is invalid.
Line 132: The property name SingleSelection in WebBrowser2 is invalid.
Line 133: The property name NoFolders in WebBrowser2 is invalid.
Line 134: The property name Transparent in WebBrowser2 is invalid.
Line 135: The property name ViewID in WebBrowser2 is invalid.
Line 136: The property name Location in WebBrowser2 is invalid.
Line 151: The property name ExtentX in WebBrowser1 is invalid.
Line 152: The property name ExtentY in WebBrowser1 is invalid.
Line 153: The property name ViewMode in WebBrowser1 is invalid.
Line 154: The property name Offline in WebBrowser1 is invalid.
Line 155: The property name Silent in WebBrowser1 is invalid.
Line 156: The property name RegisterAsBrowser in WebBrowser1 is invalid.
Line 157: The property name RegisterAsDropTarget in WebBrowser1 is invalid.
Line 158: The property name AutoArrange in WebBrowser1 is invalid.
Line 159: The property name NoClientEdge in WebBrowser1 is invalid.
Line 160: The property name AlignLeft in WebBrowser1 is invalid.
Line 161: The property name NoWebView in WebBrowser1 is invalid.
Line 162: The property name HideFileNames in WebBrowser1 is invalid.
Line 163: The property name SingleClick in WebBrowser1 is invalid.
Line 164: The property name SingleSelection in WebBrowser1 is invalid.
Line 165: The property name NoFolders in WebBrowser1 is invalid.
Line 166: The property name Transparent in WebBrowser1 is invalid.
Line 167: The property name ViewID in WebBrowser1 is invalid.
Line 168: The property name Location in WebBrowser1 is invalid.
